[2020-04-12 23:58:17.023] [exthost] [info] extension host started
[2020-04-12 23:58:17.625] [exthost] [info] ExtensionService#_doActivateExtension vscode.debug-auto-launch {"startup":true,"extensionId":{"value":"vscode.debug-auto-launch","_lower":"vscode.debug-auto-launch"},"activationEvent":"*"}
[2020-04-12 23:58:17.627] [exthost] [info] ExtensionService#loadCommonJSModule file:///snap/code/29/usr/share/code/resources/app/extensions/debug-auto-launch/dist/extension
[2020-04-12 23:58:17.664] [exthost] [info] ExtensionService#_doActivateExtension vscode.emmet {"startup":true,"extensionId":{"value":"vscode.emmet","_lower":"vscode.emmet"},"activationEvent":"*"}
[2020-04-12 23:58:17.678] [exthost] [info] ExtensionService#loadCommonJSModule file:///snap/code/29/usr/share/code/resources/app/extensions/emmet/dist/extension
[2020-04-12 23:58:17.893] [exthost] [info] ExtensionService#_doActivateExtension vscode.git {"startup":true,"extensionId":{"value":"vscode.git","_lower":"vscode.git"},"activationEvent":"*"}
[2020-04-12 23:58:17.900] [exthost] [info] ExtensionService#loadCommonJSModule file:///snap/code/29/usr/share/code/resources/app/extensions/git/dist/main
[2020-04-12 23:58:18.341] [exthost] [info] ExtensionService#_doActivateExtension vscode.github-authentication {"startup":true,"extensionId":{"value":"vscode.github-authentication","_lower":"vscode.github-authentication"},"activationEvent":"*"}
[2020-04-12 23:58:18.347] [exthost] [info] ExtensionService#loadCommonJSModule file:///snap/code/29/usr/share/code/resources/app/extensions/github-authentication/dist/extension.js
[2020-04-12 23:58:18.393] [exthost] [info] ExtensionService#_doActivateExtension vscode.merge-conflict {"startup":true,"extensionId":{"value":"vscode.merge-conflict","_lower":"vscode.merge-conflict"},"activationEvent":"*"}
[2020-04-12 23:58:18.402] [exthost] [info] ExtensionService#loadCommonJSModule file:///snap/code/29/usr/share/code/resources/app/extensions/merge-conflict/dist/extension
[2020-04-12 23:58:18.425] [exthost] [info] ExtensionService#_doActivateExtension vscode.search-result {"startup":true,"extensionId":{"value":"vscode.search-result","_lower":"vscode.search-result"},"activationEvent":"*"}
[2020-04-12 23:58:18.432] [exthost] [info] ExtensionService#loadCommonJSModule file:///snap/code/29/usr/share/code/resources/app/extensions/search-result/dist/extension.js
[2020-04-12 23:58:18.503] [exthost] [info] ExtensionService#_doActivateExtension vscode.vscode-account {"startup":true,"extensionId":{"value":"vscode.vscode-account","_lower":"vscode.vscode-account"},"activationEvent":"*"}
[2020-04-12 23:58:18.504] [exthost] [info] ExtensionService#loadCommonJSModule file:///snap/code/29/usr/share/code/resources/app/extensions/vscode-account/dist/extension.js
[2020-04-12 23:58:18.615] [exthost] [info] eager extensions activated
[2020-04-13 00:24:27.673] [exthost] [error] {"message":"Git error","stdout":"","stderr":"fatal: Pathspec '/var/www/html/monitoring/Monitoring/README.md' is in submodule 'Monitoring'\n","exitCode":128,"gitErrorCode":"IsInSubmodule"}
[2020-04-13 00:24:28.833] [exthost] [info] ExtensionService#_doActivateExtension vscode.extension-editing {"startup":false,"extensionId":{"value":"vscode.extension-editing","_lower":"vscode.extension-editing"},"activationEvent":"onLanguage:markdown"}
[2020-04-13 00:24:28.834] [exthost] [info] ExtensionService#loadCommonJSModule file:///snap/code/29/usr/share/code/resources/app/extensions/extension-editing/dist/extension
[2020-04-13 00:24:29.073] [exthost] [info] ExtensionService#_doActivateExtension vscode.markdown-language-features {"startup":false,"extensionId":{"value":"vscode.markdown-language-features","_lower":"vscode.markdown-language-features"},"activationEvent":"onLanguage:markdown"}
[2020-04-13 00:24:29.088] [exthost] [info] ExtensionService#loadCommonJSModule file:///snap/code/29/usr/share/code/resources/app/extensions/markdown-language-features/dist/extension
[2020-04-13 01:04:50.544] [exthost] [info] ExtensionService#_doActivateExtension vscode.configuration-editing {"startup":false,"extensionId":{"value":"vscode.configuration-editing","_lower":"vscode.configuration-editing"},"activationEvent":"onLanguage:jsonc"}
[2020-04-13 01:04:50.544] [exthost] [info] ExtensionService#loadCommonJSModule file:///snap/code/29/usr/share/code/resources/app/extensions/configuration-editing/dist/extension
[2020-04-13 01:04:50.584] [exthost] [info] ExtensionService#_doActivateExtension vscode.json-language-features {"startup":false,"extensionId":{"value":"vscode.json-language-features","_lower":"vscode.json-language-features"},"activationEvent":"onLanguage:jsonc"}
[2020-04-13 01:04:50.588] [exthost] [info] ExtensionService#loadCommonJSModule file:///snap/code/29/usr/share/code/resources/app/extensions/json-language-features/client/dist/jsonMain
[2020-04-13 01:04:50.818] [exthost] [info] ExtensionService#_doActivateExtension vscode.typescript-language-features {"startup":false,"extensionId":{"value":"vscode.typescript-language-features","_lower":"vscode.typescript-language-features"},"activationEvent":"onLanguage:jsonc"}
[2020-04-13 01:04:50.820] [exthost] [info] ExtensionService#loadCommonJSModule file:///snap/code/29/usr/share/code/resources/app/extensions/typescript-language-features/dist/extension
[2020-04-13 01:55:29.957] [exthost] [info] ExtensionService#_doActivateExtension vscode.css-language-features {"startup":false,"extensionId":{"value":"vscode.css-language-features","_lower":"vscode.css-language-features"},"activationEvent":"onLanguage:css"}
[2020-04-13 01:55:29.962] [exthost] [info] ExtensionService#loadCommonJSModule file:///snap/code/29/usr/share/code/resources/app/extensions/css-language-features/client/dist/cssMain
